[2022-09-07T05:37:56.117] [WARN] default - Ruta: /api/users - Metodo: POST - /api/users no implementada
[2022-09-09T07:01:26.720] [WARN] default - Ruta: /api/shoppingcartproducts - Metodo: GET - /api/shoppingcartproducts no implementada
[2022-09-10T07:18:42.777] [WARN] prod - Ruta: /socket.io/socket.io.js - Metodo: GET - /socket.io/socket.io.js no implementada
[2022-09-10T07:18:42.977] [WARN] prod - Ruta: /favicon.ico - Metodo: GET - /favicon.ico no implementada
[2022-09-10T07:19:22.599] [WARN] prod - Ruta: /socket.io/socket.io.js - Metodo: GET - /socket.io/socket.io.js no implementada
[2022-09-11T05:54:24.384] [WARN] prod - Ruta: /socket.io/socket.io.js - Metodo: GET - /socket.io/socket.io.js no implementada
[2022-09-11T05:54:24.558] [WARN] prod - Ruta: /favicon.ico - Metodo: GET - /favicon.ico no implementada
[2022-09-11T05:54:41.663] [WARN] prod - Ruta: / - Metodo: POST - / no implementada
[2022-09-11T05:58:09.058] [WARN] prod - Ruta: / - Metodo: POST - / no implementada
[2022-09-11T06:08:42.607] [WARN] prod - Ruta: /2 - Metodo: GET - /2 no implementada
[2022-09-11T06:10:12.966] [WARN] prod - Ruta: /2 - Metodo: GET - /2 no implementada
[2022-09-11T06:10:14.919] [WARN] prod - Ruta: /2 - Metodo: GET - /2 no implementada
[2022-09-11T06:10:24.031] [WARN] prod - Ruta: /2 - Metodo: GET - /2 no implementada
[2022-09-11T06:10:31.570] [WARN] prod - Ruta: /2 - Metodo: GET - /2 no implementada
[2022-09-11T06:10:39.889] [WARN] prod - Ruta: /2 - Metodo: GET - /2 no implementada
[2022-09-11T06:10:53.087] [WARN] prod - Ruta: /3333 - Metodo: GET - /3333 no implementada
[2022-09-11T06:10:53.088] [WARN] prod - Ruta: /2 - Metodo: GET - /2 no implementada
[2022-09-11T06:10:53.090] [WARN] prod - Ruta: /3333 - Metodo: GET - /3333 no implementada
[2022-09-11T06:10:53.092] [WARN] prod - Ruta: /2 - Metodo: GET - /2 no implementada
[2022-09-11T06:10:59.496] [WARN] prod - Ruta: /3333 - Metodo: GET - /3333 no implementada
[2022-09-11T06:10:59.497] [WARN] prod - Ruta: /2 - Metodo: GET - /2 no implementada
